2025-07-20 11:35:15,187 - app.utils.config - INFO - Configuration validation passed
2025-07-20 11:35:15,192 - __main__ - WARNING - Network interface 'eth0' may not be available
2025-07-20 11:35:15,198 - __main__ - INFO - Available interfaces: ['Ethernet', 'Local Area Connection* 1', 'Local Area Connection* 2', 'VMware Network Adapter VMnet1', 'VMware Network Adapter VMnet8', 'Wi-Fi', 'Loopback Pseudo-Interface 1']
2025-07-20 11:35:15,198 - __main__ - INFO - Environment validation completed
2025-07-20 11:35:15,198 - __main__ - INFO - Starting NIDS with configuration:
2025-07-20 11:35:15,198 - __main__ - INFO -   Network Interface: eth0
2025-07-20 11:35:15,198 - __main__ - INFO -   API Host: 0.0.0.0
2025-07-20 11:35:15,198 - __main__ - INFO -   API Port: 8000
2025-07-20 11:35:15,199 - __main__ - INFO -   ML Model: models/nids_model.joblib
2025-07-20 11:35:15,199 - __main__ - INFO -   Confidence Threshold: 0.8
2025-07-20 11:35:15,199 - __main__ - INFO - Starting NIDS application...
2025-07-20 11:37:57,654 - app.utils.config - INFO - Configuration validation passed
2025-07-20 11:37:57,659 - __main__ - WARNING - Network interface 'eth0' may not be available
2025-07-20 11:37:57,664 - __main__ - INFO - Available interfaces: ['Ethernet', 'Local Area Connection* 1', 'Local Area Connection* 2', 'VMware Network Adapter VMnet1', 'VMware Network Adapter VMnet8', 'Wi-Fi', 'Loopback Pseudo-Interface 1']
2025-07-20 11:37:57,664 - __main__ - INFO - Environment validation completed
2025-07-20 11:37:57,665 - __main__ - INFO - Starting NIDS with configuration:
2025-07-20 11:37:57,665 - __main__ - INFO -   Network Interface: eth0
2025-07-20 11:37:57,665 - __main__ - INFO -   API Host: 0.0.0.0
2025-07-20 11:37:57,665 - __main__ - INFO -   API Port: 8000
2025-07-20 11:37:57,665 - __main__ - INFO -   ML Model: models/nids_model.joblib
2025-07-20 11:37:57,665 - __main__ - INFO -   Confidence Threshold: 0.8
2025-07-20 11:37:57,665 - __main__ - INFO - Starting NIDS application...
2025-07-20 11:37:59,589 - app.main - INFO - Starting NIDS application...
2025-07-20 11:37:59,589 - app.core.ml_detector - WARNING - Model file not found at models/nids_model.joblib, creating default model
2025-07-20 11:37:59,769 - app.core.ml_detector - INFO - Created and saved default ML model to models/nids_model.joblib
2025-07-20 11:37:59,770 - app.core.packet_sniffer - INFO - Started packet sniffing on interface eth0
2025-07-20 11:37:59,770 - app.main - INFO - NIDS system initialized successfully
2025-07-20 11:37:59,781 - app.core.packet_sniffer - ERROR - Error during packet sniffing: Interface 'eth0' not found !
2025-07-20 11:39:00,132 - app.utils.config - INFO - Configuration validation passed
2025-07-20 11:39:00,139 - __main__ - WARNING - Network interface 'eth0' may not be available
2025-07-20 11:39:00,145 - __main__ - INFO - Available interfaces: ['Ethernet', 'Local Area Connection* 1', 'Local Area Connection* 2', 'VMware Network Adapter VMnet1', 'VMware Network Adapter VMnet8', 'Wi-Fi', 'Loopback Pseudo-Interface 1']
2025-07-20 11:39:00,145 - __main__ - INFO - Environment validation completed
2025-07-20 11:39:00,146 - __main__ - INFO - Starting NIDS with configuration:
2025-07-20 11:39:00,146 - __main__ - INFO -   Network Interface: eth0
2025-07-20 11:39:00,146 - __main__ - INFO -   API Host: 0.0.0.0
2025-07-20 11:39:00,146 - __main__ - INFO -   API Port: 8000
2025-07-20 11:39:00,146 - __main__ - INFO -   ML Model: models/nids_model.joblib
2025-07-20 11:39:00,146 - __main__ - INFO -   Confidence Threshold: 0.8
2025-07-20 11:39:00,146 - __main__ - INFO - Starting NIDS application...
2025-07-20 11:39:02,275 - app.main - INFO - Starting NIDS application...
2025-07-20 11:39:02,296 - app.core.ml_detector - INFO - Loaded ML model from models/nids_model.joblib
2025-07-20 11:39:02,297 - app.core.packet_sniffer - INFO - Started packet sniffing on interface eth0
2025-07-20 11:39:02,297 - app.main - INFO - NIDS system initialized successfully
2025-07-20 11:39:02,309 - app.core.packet_sniffer - ERROR - Error during packet sniffing: Interface 'eth0' not found !
2025-07-20 11:41:42,006 - app.main - INFO - Shutting down NIDS application...
2025-07-20 11:41:42,006 - app.core.nids_orchestrator - WARNING - NIDS system is not running
2025-07-20 11:41:42,006 - app.main - INFO - NIDS system stopped successfully
2025-07-20 11:41:42,037 - app.main - INFO - Shutting down NIDS application...
2025-07-20 11:41:42,038 - app.core.nids_orchestrator - WARNING - NIDS system is not running
2025-07-20 11:41:42,038 - app.main - INFO - NIDS system stopped successfully
2025-07-20 11:41:45,371 - app.main - INFO - Starting NIDS application...
2025-07-20 11:41:45,388 - app.core.ml_detector - INFO - Loaded ML model from models/nids_model.joblib
2025-07-20 11:41:45,389 - app.core.packet_sniffer - INFO - Started packet sniffing on interface eth0
2025-07-20 11:41:45,389 - app.main - INFO - NIDS system initialized successfully
2025-07-20 11:41:45,405 - app.core.packet_sniffer - ERROR - Error during packet sniffing: Interface 'eth0' not found !
2025-07-20 11:41:45,412 - app.main - INFO - Starting NIDS application...
2025-07-20 11:41:45,423 - app.core.ml_detector - INFO - Loaded ML model from models/nids_model.joblib
2025-07-20 11:41:45,424 - app.core.packet_sniffer - INFO - Started packet sniffing on interface eth0
2025-07-20 11:41:45,425 - app.main - INFO - NIDS system initialized successfully
2025-07-20 11:41:45,441 - app.core.packet_sniffer - ERROR - Error during packet sniffing: Interface 'eth0' not found !
2025-07-20 11:44:32,295 - app.utils.config - INFO - Configuration validation passed
2025-07-20 11:44:32,302 - __main__ - WARNING - Network interface 'eth0' may not be available
2025-07-20 11:44:32,307 - __main__ - INFO - Available interfaces: ['Ethernet', 'Local Area Connection* 1', 'Local Area Connection* 2', 'VMware Network Adapter VMnet1', 'VMware Network Adapter VMnet8', 'Wi-Fi', 'Loopback Pseudo-Interface 1']
2025-07-20 11:44:32,307 - __main__ - INFO - Environment validation completed
2025-07-20 11:44:32,308 - __main__ - INFO - Starting NIDS with configuration:
2025-07-20 11:44:32,308 - __main__ - INFO -   Network Interface: eth0
2025-07-20 11:44:32,308 - __main__ - INFO -   API Host: 0.0.0.0
2025-07-20 11:44:32,308 - __main__ - INFO -   API Port: 8000
2025-07-20 11:44:32,308 - __main__ - INFO -   ML Model: models/nids_model.joblib
2025-07-20 11:44:32,308 - __main__ - INFO -   Confidence Threshold: 0.8
2025-07-20 11:44:32,309 - __main__ - INFO - Starting NIDS application...
2025-07-20 11:44:34,719 - app.main - INFO - Starting NIDS application...
2025-07-20 11:44:34,729 - app.core.ml_detector - INFO - Loaded ML model from models/nids_model.joblib
2025-07-20 11:44:34,730 - app.core.packet_sniffer - INFO - Started packet sniffing on interface eth0
2025-07-20 11:44:34,730 - app.main - INFO - NIDS system initialized successfully
2025-07-20 11:44:34,743 - app.core.packet_sniffer - ERROR - Error during packet sniffing: Interface 'eth0' not found !
2025-07-20 11:46:16,930 - app.utils.config - INFO - Configuration validation passed
2025-07-20 11:46:16,936 - __main__ - WARNING - Network interface 'eth0' may not be available
2025-07-20 11:46:16,941 - __main__ - INFO - Available interfaces: ['Ethernet', 'Local Area Connection* 1', 'Local Area Connection* 2', 'VMware Network Adapter VMnet1', 'VMware Network Adapter VMnet8', 'Wi-Fi', 'Loopback Pseudo-Interface 1']
2025-07-20 11:46:16,942 - __main__ - INFO - Environment validation completed
2025-07-20 11:46:16,942 - __main__ - INFO - Starting NIDS with configuration:
2025-07-20 11:46:16,942 - __main__ - INFO -   Network Interface: eth0
2025-07-20 11:46:16,942 - __main__ - INFO -   API Host: 0.0.0.0
2025-07-20 11:46:16,943 - __main__ - INFO -   API Port: 8000
2025-07-20 11:46:16,943 - __main__ - INFO -   ML Model: models/nids_model.joblib
2025-07-20 11:46:16,943 - __main__ - INFO -   Confidence Threshold: 0.8
2025-07-20 11:46:16,943 - __main__ - INFO - Starting NIDS application...
2025-07-20 11:46:19,252 - app.main - INFO - Starting NIDS application...
2025-07-20 11:46:19,262 - app.core.ml_detector - INFO - Loaded ML model from models/nids_model.joblib
2025-07-20 11:46:19,264 - app.core.packet_sniffer - INFO - Started packet sniffing on interface eth0
2025-07-20 11:46:19,264 - app.main - INFO - NIDS system initialized successfully
2025-07-20 11:46:19,276 - app.core.packet_sniffer - ERROR - Error during packet sniffing: Interface 'eth0' not found !
2025-07-20 11:51:52,891 - app.main - INFO - Shutting down NIDS application...
2025-07-20 11:51:52,891 - app.core.nids_orchestrator - WARNING - NIDS system is not running
2025-07-20 11:51:52,891 - app.main - INFO - NIDS system stopped successfully
2025-07-20 11:51:55,636 - app.main - INFO - Starting NIDS application...
2025-07-20 11:51:55,647 - app.core.ml_detector - INFO - Loaded ML model from models/nids_model.joblib
2025-07-20 11:51:55,648 - app.core.packet_sniffer - INFO - Started packet sniffing on interface eth0
2025-07-20 11:51:55,648 - app.main - INFO - NIDS system initialized successfully
2025-07-20 11:51:55,660 - app.core.packet_sniffer - ERROR - Error during packet sniffing: Interface 'eth0' not found !
2025-07-20 13:30:28,793 - app.utils.config - INFO - Configuration validation passed
2025-07-20 13:30:28,806 - __main__ - WARNING - Network interface 'eth0' may not be available
2025-07-20 13:30:28,819 - __main__ - INFO - Available interfaces: ['Ethernet', 'Local Area Connection* 1', 'Local Area Connection* 2', 'VMware Network Adapter VMnet1', 'VMware Network Adapter VMnet8', 'Wi-Fi', 'Loopback Pseudo-Interface 1']
2025-07-20 13:30:28,819 - __main__ - INFO - Environment validation completed
2025-07-20 13:30:28,820 - __main__ - INFO - Starting NIDS with configuration:
2025-07-20 13:30:28,820 - __main__ - INFO -   Network Interface: eth0
2025-07-20 13:30:28,820 - __main__ - INFO -   API Host: 0.0.0.0
2025-07-20 13:30:28,821 - __main__ - INFO -   API Port: 8000
2025-07-20 13:30:28,821 - __main__ - INFO -   ML Model: models/nids_model.joblib
2025-07-20 13:30:28,821 - __main__ - INFO -   Confidence Threshold: 0.8
2025-07-20 13:30:28,822 - __main__ - INFO - Starting NIDS application...
2025-07-20 13:30:31,507 - app.main - INFO - Starting NIDS application...
2025-07-20 13:30:31,530 - app.core.ml_detector - INFO - Loaded ML model from models/nids_model.joblib
2025-07-20 13:30:31,531 - app.core.packet_sniffer - INFO - Started packet sniffing on interface eth0
2025-07-20 13:30:31,531 - app.main - INFO - NIDS system initialized successfully
2025-07-20 13:30:31,541 - app.core.packet_sniffer - ERROR - Error during packet sniffing: Interface 'eth0' not found !
2025-07-20 14:24:50,644 - app.utils.config - INFO - Configuration validation passed
2025-07-20 14:24:50,661 - __main__ - WARNING - Network interface 'eth0' may not be available
2025-07-20 14:24:50,674 - __main__ - INFO - Available interfaces: ['Local Area Connection* 1', 'Local Area Connection* 2', 'VMware Network Adapter VMnet1', 'VMware Network Adapter VMnet8', 'Wi-Fi', 'Ethernet', 'Loopback Pseudo-Interface 1']
2025-07-20 14:24:50,675 - __main__ - INFO - Environment validation completed
2025-07-20 14:24:50,675 - __main__ - INFO - Starting NIDS with configuration:
2025-07-20 14:24:50,676 - __main__ - INFO -   Network Interface: eth0
2025-07-20 14:24:50,676 - __main__ - INFO -   API Host: 0.0.0.0
2025-07-20 14:24:50,677 - __main__ - INFO -   API Port: 8000
2025-07-20 14:24:50,677 - __main__ - INFO -   ML Model: models/nids_model.joblib
2025-07-20 14:24:50,678 - __main__ - INFO -   Confidence Threshold: 0.8
2025-07-20 14:24:50,679 - __main__ - INFO - Starting NIDS application...
2025-07-20 14:24:52,825 - app.main - INFO - Starting NIDS application...
2025-07-20 14:24:52,836 - app.core.ml_detector - INFO - Loaded ML model from models/nids_model.joblib
2025-07-20 14:24:52,838 - app.core.packet_sniffer - INFO - Started packet sniffing on interface eth0
2025-07-20 14:24:52,838 - app.main - INFO - NIDS system initialized successfully
2025-07-20 14:24:52,848 - app.core.packet_sniffer - ERROR - Error during packet sniffing: Interface 'eth0' not found !
2025-07-20 14:25:03,321 - app.main - INFO - Shutting down NIDS application...
2025-07-20 14:25:03,321 - app.core.nids_orchestrator - WARNING - NIDS system is not running
2025-07-20 14:25:03,321 - app.main - INFO - NIDS system stopped successfully
2025-07-20 14:27:06,069 - app.utils.config - INFO - Configuration validation passed
2025-07-20 14:27:06,075 - __main__ - WARNING - Network interface 'eth0' may not be available
2025-07-20 14:27:06,119 - __main__ - INFO - Available interfaces: ['Local Area Connection* 1', 'Local Area Connection* 2', 'VMware Network Adapter VMnet1', 'VMware Network Adapter VMnet8', 'Wi-Fi', 'Ethernet', 'Loopback Pseudo-Interface 1']
2025-07-20 14:27:06,119 - __main__ - INFO - Environment validation completed
2025-07-20 14:27:06,120 - __main__ - INFO - Starting NIDS with configuration:
2025-07-20 14:27:06,120 - __main__ - INFO -   Network Interface: eth0
2025-07-20 14:27:06,120 - __main__ - INFO -   API Host: 0.0.0.0
2025-07-20 14:27:06,120 - __main__ - INFO -   API Port: 8000
2025-07-20 14:27:06,120 - __main__ - INFO -   ML Model: models/nids_model.joblib
2025-07-20 14:27:06,120 - __main__ - INFO -   Confidence Threshold: 0.8
2025-07-20 14:27:06,121 - __main__ - INFO - Starting NIDS application...
2025-07-20 14:27:08,244 - app.main - INFO - Starting NIDS application...
2025-07-20 14:27:08,253 - app.core.ml_detector - INFO - Loaded ML model from models/nids_model.joblib
2025-07-20 14:27:08,254 - app.core.packet_sniffer - INFO - Started packet sniffing on interface eth0
2025-07-20 14:27:08,256 - app.main - INFO - NIDS system initialized successfully
2025-07-20 14:27:08,270 - app.core.packet_sniffer - ERROR - Error during packet sniffing: Interface 'eth0' not found !
2025-07-20 14:48:35,570 - app.main - INFO - Shutting down NIDS application...
2025-07-20 14:48:35,575 - app.core.nids_orchestrator - WARNING - NIDS system is not running
2025-07-20 14:48:35,575 - app.main - INFO - NIDS system stopped successfully
2025-07-20 17:09:16,323 - app.utils.config - INFO - Configuration validation passed
2025-07-20 17:09:16,345 - __main__ - WARNING - Network interface 'eth0' may not be available
2025-07-20 17:09:16,356 - __main__ - INFO - Available interfaces: ['Ethernet', 'Local Area Connection* 1', 'Local Area Connection* 2', 'VMware Network Adapter VMnet1', 'VMware Network Adapter VMnet8', 'Wi-Fi', 'Loopback Pseudo-Interface 1']
2025-07-20 17:09:16,357 - __main__ - INFO - Environment validation completed
2025-07-20 17:09:16,357 - __main__ - INFO - Starting NIDS with configuration:
2025-07-20 17:09:16,357 - __main__ - INFO -   Network Interface: eth0
2025-07-20 17:09:16,358 - __main__ - INFO -   API Host: 0.0.0.0
2025-07-20 17:09:16,358 - __main__ - INFO -   API Port: 8000
2025-07-20 17:09:16,358 - __main__ - INFO -   ML Model: models/nids_model.joblib
2025-07-20 17:09:16,358 - __main__ - INFO -   Confidence Threshold: 0.8
2025-07-20 17:09:16,359 - __main__ - INFO - Starting NIDS application...
2025-07-20 17:09:18,440 - app.main - INFO - Starting NIDS application...
2025-07-20 17:09:18,458 - app.core.ml_detector - INFO - Loaded ML model from models/nids_model.joblib
2025-07-20 17:09:18,460 - app.core.packet_sniffer - INFO - Started packet sniffing on interface eth0
2025-07-20 17:09:18,460 - app.main - INFO - NIDS system initialized successfully
2025-07-20 17:09:18,470 - app.core.packet_sniffer - ERROR - Error during packet sniffing: Interface 'eth0' not found !
2025-07-20 17:28:56,421 - app.utils.config - INFO - Configuration validation passed
2025-07-20 17:28:56,430 - __main__ - WARNING - Network interface 'eth0' may not be available
2025-07-20 17:28:56,442 - __main__ - INFO - Available interfaces: ['Ethernet', 'Local Area Connection* 1', 'Local Area Connection* 2', 'VMware Network Adapter VMnet1', 'VMware Network Adapter VMnet8', 'Wi-Fi', 'Loopback Pseudo-Interface 1']
2025-07-20 17:28:56,443 - __main__ - INFO - Environment validation completed
2025-07-20 17:28:56,444 - __main__ - INFO - Starting NIDS with configuration:
2025-07-20 17:28:56,454 - __main__ - INFO -   Network Interface: eth0
2025-07-20 17:28:56,455 - __main__ - INFO -   API Host: 0.0.0.0
2025-07-20 17:28:56,455 - __main__ - INFO -   API Port: 8000
2025-07-20 17:28:56,455 - __main__ - INFO -   ML Model: models/nids_model.joblib
2025-07-20 17:28:56,456 - __main__ - INFO -   Confidence Threshold: 0.8
2025-07-20 17:28:56,456 - __main__ - INFO - Starting NIDS application...
2025-07-20 17:28:58,691 - app.main - INFO - Starting NIDS application...
2025-07-20 17:28:58,705 - app.core.ml_detector - INFO - Loaded ML model from models/nids_model.joblib
2025-07-20 17:28:58,706 - app.core.packet_sniffer - INFO - Started packet sniffing on interface eth0
2025-07-20 17:28:58,707 - app.main - INFO - NIDS system initialized successfully
2025-07-20 17:28:58,720 - app.core.packet_sniffer - ERROR - Error during packet sniffing: Interface 'eth0' not found !
2025-07-20 17:34:17,729 - app.utils.config - INFO - Configuration validation passed
2025-07-20 17:34:17,736 - __main__ - WARNING - Network interface 'eth0' may not be available
2025-07-20 17:34:17,742 - __main__ - INFO - Available interfaces: ['Ethernet', 'Local Area Connection* 1', 'Local Area Connection* 2', 'VMware Network Adapter VMnet1', 'VMware Network Adapter VMnet8', 'Wi-Fi', 'Loopback Pseudo-Interface 1']
2025-07-20 17:34:17,743 - __main__ - INFO - Environment validation completed
2025-07-20 17:34:17,743 - __main__ - INFO - Starting NIDS with configuration:
2025-07-20 17:34:17,743 - __main__ - INFO -   Network Interface: eth0
2025-07-20 17:34:17,744 - __main__ - INFO -   API Host: 0.0.0.0
2025-07-20 17:34:17,744 - __main__ - INFO -   API Port: 8000
2025-07-20 17:34:17,744 - __main__ - INFO -   ML Model: models/nids_model.joblib
2025-07-20 17:34:17,745 - __main__ - INFO -   Confidence Threshold: 0.8
2025-07-20 17:34:17,745 - __main__ - INFO - Starting NIDS application...
2025-07-20 17:34:20,342 - app.main - INFO - Starting NIDS application...
2025-07-20 17:34:20,353 - app.core.ml_detector - INFO - Loaded ML model from models/nids_model.joblib
2025-07-20 17:34:20,354 - app.core.packet_sniffer - INFO - Started packet sniffing on interface eth0
2025-07-20 17:34:20,355 - app.main - INFO - NIDS system initialized successfully
2025-07-20 17:34:20,367 - app.core.packet_sniffer - ERROR - Error during packet sniffing: Interface 'eth0' not found !
2025-07-20 17:37:04,376 - app.main - INFO - Shutting down NIDS application...
2025-07-20 17:37:04,376 - app.core.nids_orchestrator - WARNING - NIDS system is not running
2025-07-20 17:37:04,376 - app.main - INFO - NIDS system stopped successfully
2025-07-20 17:37:07,483 - app.main - INFO - Starting NIDS application...
2025-07-20 17:37:07,504 - app.core.ml_detector - INFO - Loaded ML model from models/nids_model.joblib
2025-07-20 17:37:07,529 - app.core.packet_sniffer - INFO - Started packet sniffing on interface eth0
2025-07-20 17:37:07,530 - app.main - INFO - NIDS system initialized successfully
2025-07-20 17:37:07,553 - app.core.packet_sniffer - ERROR - Error during packet sniffing: Interface 'eth0' not found !
2025-07-20 17:37:40,307 - app.core.nids_orchestrator - INFO - NIDS system started successfully
2025-07-20 17:38:58,178 - app.core.nids_orchestrator - ERROR - Error getting detailed stats: object of type 'int' has no len()
2025-07-20 17:43:14,760 - app.utils.config - INFO - Configuration validation passed
2025-07-20 17:43:14,768 - __main__ - WARNING - Network interface 'eth0' may not be available
2025-07-20 17:43:14,776 - __main__ - INFO - Available interfaces: ['Ethernet', 'Local Area Connection* 1', 'Local Area Connection* 2', 'VMware Network Adapter VMnet1', 'VMware Network Adapter VMnet8', 'Wi-Fi', 'Loopback Pseudo-Interface 1']
2025-07-20 17:43:14,776 - __main__ - INFO - Environment validation completed
2025-07-20 17:43:14,776 - __main__ - INFO - Starting NIDS with configuration:
2025-07-20 17:43:14,777 - __main__ - INFO -   Network Interface: eth0
2025-07-20 17:43:14,777 - __main__ - INFO -   API Host: 0.0.0.0
2025-07-20 17:43:14,777 - __main__ - INFO -   API Port: 8000
2025-07-20 17:43:14,778 - __main__ - INFO -   ML Model: models/nids_model.joblib
2025-07-20 17:43:14,778 - __main__ - INFO -   Confidence Threshold: 0.8
2025-07-20 17:43:14,778 - __main__ - INFO - Starting NIDS application...
2025-07-20 17:43:17,261 - app.main - INFO - Starting NIDS application...
2025-07-20 17:43:17,279 - app.core.ml_detector - INFO - Loaded ML model from models/nids_model.joblib
2025-07-20 17:43:17,307 - app.core.packet_sniffer - INFO - Started packet sniffing on interface eth0
2025-07-20 17:43:17,307 - app.main - INFO - NIDS system initialized successfully
2025-07-20 17:43:17,326 - app.core.packet_sniffer - ERROR - Error during packet sniffing: Interface 'eth0' not found !
2025-07-20 17:43:44,325 - app.main - INFO - Shutting down NIDS application...
2025-07-20 17:43:44,326 - app.core.nids_orchestrator - WARNING - NIDS system is not running
2025-07-20 17:43:44,326 - app.main - INFO - NIDS system stopped successfully
2025-07-20 17:43:47,155 - app.main - INFO - Starting NIDS application...
2025-07-20 17:43:47,166 - app.core.ml_detector - INFO - Loaded ML model from models/nids_model.joblib
2025-07-20 17:43:47,169 - app.core.packet_sniffer - INFO - Started packet sniffing on interface eth0
2025-07-20 17:43:47,169 - app.main - INFO - NIDS system initialized successfully
2025-07-20 17:43:47,179 - app.core.packet_sniffer - ERROR - Error during packet sniffing: Interface 'eth0' not found !
2025-07-20 17:44:15,640 - app.core.nids_orchestrator - WARNING - NIDS system is not running
2025-07-20 17:44:15,640 - app.api.routes - ERROR - Error stopping sniffer: 500: Failed to stop NIDS system
2025-07-20 17:44:24,342 - app.core.nids_orchestrator - INFO - NIDS system started successfully
2025-07-20 17:44:36,923 - app.core.nids_orchestrator - ERROR - Error getting detailed stats: object of type 'int' has no len()
2025-07-20 17:45:04,636 - app.main - INFO - Shutting down NIDS application...
2025-07-20 17:45:04,636 - app.core.packet_sniffer - WARNING - Packet sniffer is not running
2025-07-20 17:45:04,637 - app.core.nids_orchestrator - INFO - NIDS system stopped successfully
2025-07-20 17:45:04,637 - app.main - INFO - NIDS system stopped successfully
2025-07-20 18:10:39,861 - app.utils.config - INFO - Configuration validation passed
2025-07-20 18:10:39,871 - __main__ - WARNING - Network interface 'Ethernet,Local Area Connection* 1,Local Area Connection* 2,VMware Network Adapter VMnet1,VMware Network Adapter VMnet8,Wi-Fi,Loopback Pseudo-Interface 1' may not be available
2025-07-20 18:10:39,878 - __main__ - INFO - Available interfaces: ['Ethernet', 'Local Area Connection* 1', 'Local Area Connection* 2', 'VMware Network Adapter VMnet1', 'VMware Network Adapter VMnet8', 'Wi-Fi', 'Loopback Pseudo-Interface 1']
2025-07-20 18:10:39,880 - __main__ - INFO - Environment validation completed
2025-07-20 18:10:39,880 - __main__ - INFO - Starting NIDS with configuration:
2025-07-20 18:10:39,880 - __main__ - INFO -   Network Interface: Ethernet,Local Area Connection* 1,Local Area Connection* 2,VMware Network Adapter VMnet1,VMware Network Adapter VMnet8,Wi-Fi,Loopback Pseudo-Interface 1
2025-07-20 18:10:39,881 - __main__ - INFO -   API Host: 0.0.0.0
2025-07-20 18:10:39,881 - __main__ - INFO -   API Port: 8000
2025-07-20 18:10:39,881 - __main__ - INFO -   ML Model: models/nids_model.joblib
2025-07-20 18:10:39,881 - __main__ - INFO -   Confidence Threshold: 0.8
2025-07-20 18:10:39,881 - __main__ - INFO - Starting NIDS application...
2025-07-20 18:10:42,878 - app.main - INFO - Starting NIDS application...
2025-07-20 18:10:42,904 - app.core.ml_detector - INFO - Loaded ML model from models/nids_model.joblib
2025-07-20 18:10:42,912 - app.core.packet_sniffer - ERROR - Error during packet sniffing: Sniffing and sending packets is not available at layer 2: winpcap is not installed. You may use conf.L3socket orconf.L3socket6 to access layer 3
2025-07-20 18:10:42,913 - app.core.packet_sniffer - INFO - Started packet sniffing on interface Ethernet,Local Area Connection* 1,Local Area Connection* 2,VMware Network Adapter VMnet1,VMware Network Adapter VMnet8,Wi-Fi,Loopback Pseudo-Interface 1
2025-07-20 18:10:42,914 - app.main - INFO - NIDS system initialized successfully
2025-07-20 19:45:06,061 - app.utils.config - INFO - Configuration validation passed
2025-07-20 19:45:06,071 - __main__ - WARNING - Network interface 'Ethernet,Local Area Connection* 1,Local Area Connection* 2,VMware Network Adapter VMnet1,VMware Network Adapter VMnet8,Wi-Fi,Loopback Pseudo-Interface 1' may not be available
2025-07-20 19:45:06,082 - __main__ - INFO - Available interfaces: ['Ethernet', 'Local Area Connection* 1', 'Local Area Connection* 2', 'VMware Network Adapter VMnet1', 'VMware Network Adapter VMnet8', 'Wi-Fi', 'Loopback Pseudo-Interface 1']
2025-07-20 19:45:06,082 - __main__ - INFO - Environment validation completed
2025-07-20 19:45:06,083 - __main__ - INFO - Starting NIDS with configuration:
2025-07-20 19:45:06,083 - __main__ - INFO -   Network Interface: Ethernet,Local Area Connection* 1,Local Area Connection* 2,VMware Network Adapter VMnet1,VMware Network Adapter VMnet8,Wi-Fi,Loopback Pseudo-Interface 1
2025-07-20 19:45:06,083 - __main__ - INFO -   API Host: 0.0.0.0
2025-07-20 19:45:06,083 - __main__ - INFO -   API Port: 8000
2025-07-20 19:45:06,083 - __main__ - INFO -   ML Model: models/nids_model.joblib
2025-07-20 19:45:06,084 - __main__ - INFO -   Confidence Threshold: 0.8
2025-07-20 19:45:06,084 - __main__ - INFO - Starting NIDS application...
2025-07-20 19:45:07,984 - app.main - INFO - Starting NIDS application...
2025-07-20 19:45:08,006 - app.core.ml_detector - INFO - Loaded ML model from models/nids_model.joblib
2025-07-20 19:45:08,006 - app.core.packet_sniffer - ERROR - Error during packet sniffing: Sniffing and sending packets is not available at layer 2: winpcap is not installed. You may use conf.L3socket orconf.L3socket6 to access layer 3
2025-07-20 19:45:08,007 - app.core.packet_sniffer - INFO - Started packet sniffing on interface Ethernet,Local Area Connection* 1,Local Area Connection* 2,VMware Network Adapter VMnet1,VMware Network Adapter VMnet8,Wi-Fi,Loopback Pseudo-Interface 1
2025-07-20 19:45:08,007 - app.main - INFO - NIDS system initialized successfully
2025-07-22 22:42:41,046 - app.utils.config - INFO - Configuration validation passed
2025-07-22 22:42:41,051 - __main__ - WARNING - Network interface 'Ethernet,Local Area Connection* 1,Local Area Connection* 2,VMware Network Adapter VMnet1,VMware Network Adapter VMnet8,Wi-Fi,Loopback Pseudo-Interface 1' may not be available
2025-07-22 22:42:41,055 - __main__ - INFO - Available interfaces: ['Local Area Connection* 1', 'Local Area Connection* 2', 'VMware Network Adapter VMnet1', 'VMware Network Adapter VMnet8', 'Wi-Fi', 'Ethernet', 'Loopback Pseudo-Interface 1']
2025-07-22 22:42:41,056 - __main__ - INFO - Environment validation completed
2025-07-22 22:42:41,056 - __main__ - INFO - Starting NIDS with configuration:
2025-07-22 22:42:41,056 - __main__ - INFO -   Network Interface: Ethernet,Local Area Connection* 1,Local Area Connection* 2,VMware Network Adapter VMnet1,VMware Network Adapter VMnet8,Wi-Fi,Loopback Pseudo-Interface 1
2025-07-22 22:42:41,056 - __main__ - INFO -   API Host: 0.0.0.0
2025-07-22 22:42:41,056 - __main__ - INFO -   API Port: 8000
2025-07-22 22:42:41,056 - __main__ - INFO -   ML Model: models/nids_model.joblib
2025-07-22 22:42:41,057 - __main__ - INFO -   Confidence Threshold: 0.8
2025-07-22 22:42:41,057 - __main__ - INFO - Starting NIDS application...
2025-07-22 22:42:42,871 - app.main - INFO - Starting NIDS application...
2025-07-22 22:42:42,890 - app.core.ml_detector - INFO - Loaded ML model from models/nids_model.joblib
2025-07-22 22:42:42,890 - app.core.packet_sniffer - ERROR - Error during packet sniffing: Sniffing and sending packets is not available at layer 2: winpcap is not installed. You may use conf.L3socket orconf.L3socket6 to access layer 3
2025-07-22 22:42:42,891 - app.core.packet_sniffer - INFO - Started packet sniffing on interface Ethernet,Local Area Connection* 1,Local Area Connection* 2,VMware Network Adapter VMnet1,VMware Network Adapter VMnet8,Wi-Fi,Loopback Pseudo-Interface 1
2025-07-22 22:42:42,891 - app.main - INFO - NIDS system initialized successfully
2025-07-22 23:15:34,159 - app.main - INFO - Shutting down NIDS application...
2025-07-22 23:15:34,166 - app.core.nids_orchestrator - WARNING - NIDS system is not running
2025-07-22 23:15:34,166 - app.main - INFO - NIDS system stopped successfully
2025-07-22 23:15:37,645 - app.main - INFO - Starting NIDS application...
2025-07-22 23:15:37,661 - app.core.ml_detector - INFO - Loaded ML model from models/nids_model.joblib
2025-07-22 23:15:37,662 - app.core.packet_sniffer - ERROR - Error during packet sniffing: Sniffing and sending packets is not available at layer 2: winpcap is not installed. You may use conf.L3socket orconf.L3socket6 to access layer 3
2025-07-22 23:15:37,662 - app.core.packet_sniffer - INFO - Started packet sniffing on interface Ethernet,Local Area Connection* 1,Local Area Connection* 2,VMware Network Adapter VMnet1,VMware Network Adapter VMnet8,Wi-Fi,Loopback Pseudo-Interface 1
2025-07-22 23:15:37,663 - app.main - INFO - NIDS system initialized successfully
2025-07-22 23:27:47,251 - app.utils.config - INFO - Configuration validation passed
2025-07-22 23:27:47,258 - __main__ - WARNING - Network interface 'Ethernet,Local Area Connection* 1,Local Area Connection* 2,VMware Network Adapter VMnet1,VMware Network Adapter VMnet8,Wi-Fi,Loopback Pseudo-Interface 1' may not be available
2025-07-22 23:27:47,264 - __main__ - INFO - Available interfaces: ['Local Area Connection* 1', 'Local Area Connection* 2', 'VMware Network Adapter VMnet1', 'VMware Network Adapter VMnet8', 'Wi-Fi', 'Bluetooth Network Connection', 'Ethernet', 'Loopback Pseudo-Interface 1']
2025-07-22 23:27:47,264 - __main__ - INFO - Environment validation completed
2025-07-22 23:27:47,264 - __main__ - INFO - Starting NIDS with configuration:
2025-07-22 23:27:47,265 - __main__ - INFO -   Network Interface: Ethernet,Local Area Connection* 1,Local Area Connection* 2,VMware Network Adapter VMnet1,VMware Network Adapter VMnet8,Wi-Fi,Loopback Pseudo-Interface 1
2025-07-22 23:27:47,265 - __main__ - INFO -   API Host: 0.0.0.0
2025-07-22 23:27:47,265 - __main__ - INFO -   API Port: 8000
2025-07-22 23:27:47,265 - __main__ - INFO -   ML Model: models/nids_model.joblib
2025-07-22 23:27:47,265 - __main__ - INFO -   Confidence Threshold: 0.8
2025-07-22 23:27:47,265 - __main__ - INFO - Starting NIDS application...
2025-07-22 23:27:49,127 - app.main - INFO - Starting NIDS application...
2025-07-22 23:27:49,142 - app.core.ml_detector - INFO - Loaded ML model from models/nids_model.joblib
2025-07-22 23:27:49,143 - app.core.packet_sniffer - ERROR - Error during packet sniffing: Sniffing and sending packets is not available at layer 2: winpcap is not installed. You may use conf.L3socket orconf.L3socket6 to access layer 3
2025-07-22 23:27:49,143 - app.core.packet_sniffer - INFO - Started packet sniffing on interface Ethernet,Local Area Connection* 1,Local Area Connection* 2,VMware Network Adapter VMnet1,VMware Network Adapter VMnet8,Wi-Fi,Loopback Pseudo-Interface 1
2025-07-22 23:27:49,143 - app.main - INFO - NIDS system initialized successfully
2025-07-22 23:36:17,241 - app.utils.config - INFO - Configuration validation passed
2025-07-22 23:36:17,248 - __main__ - WARNING - Network interface 'Ethernet,Local Area Connection* 1,Local Area Connection* 2,VMware Network Adapter VMnet1,VMware Network Adapter VMnet8,Wi-Fi,Loopback Pseudo-Interface 1' may not be available
2025-07-22 23:36:17,253 - __main__ - INFO - Available interfaces: ['Local Area Connection* 1', 'Local Area Connection* 2', 'VMware Network Adapter VMnet1', 'VMware Network Adapter VMnet8', 'Wi-Fi', 'Bluetooth Network Connection', 'Ethernet', 'Loopback Pseudo-Interface 1']
2025-07-22 23:36:17,254 - __main__ - INFO - Environment validation completed
2025-07-22 23:36:17,254 - __main__ - INFO - Starting NIDS with configuration:
2025-07-22 23:36:17,254 - __main__ - INFO -   Network Interface: Ethernet,Local Area Connection* 1,Local Area Connection* 2,VMware Network Adapter VMnet1,VMware Network Adapter VMnet8,Wi-Fi,Loopback Pseudo-Interface 1
2025-07-22 23:36:17,254 - __main__ - INFO -   API Host: 0.0.0.0
2025-07-22 23:36:17,254 - __main__ - INFO -   API Port: 8000
2025-07-22 23:36:17,255 - __main__ - INFO -   ML Model: models/nids_model.joblib
2025-07-22 23:36:17,255 - __main__ - INFO -   Confidence Threshold: 0.8
2025-07-22 23:36:17,255 - __main__ - INFO - Starting NIDS application...
2025-07-22 23:36:19,513 - app.main - INFO - Starting NIDS application...
2025-07-22 23:36:19,526 - app.core.ml_detector - INFO - Loaded ML model from models/nids_model.joblib
2025-07-22 23:36:19,527 - app.core.packet_sniffer - ERROR - Error during packet sniffing: Sniffing and sending packets is not available at layer 2: winpcap is not installed. You may use conf.L3socket orconf.L3socket6 to access layer 3
2025-07-22 23:36:19,527 - app.core.packet_sniffer - INFO - Started packet sniffing on interface Ethernet,Local Area Connection* 1,Local Area Connection* 2,VMware Network Adapter VMnet1,VMware Network Adapter VMnet8,Wi-Fi,Loopback Pseudo-Interface 1
2025-07-22 23:36:19,528 - app.main - INFO - NIDS system initialized successfully
2025-07-24 19:33:56,309 - app.utils.config - INFO - Configuration validation passed
2025-07-24 19:33:56,316 - __main__ - WARNING - Network interface 'Ethernet,Local Area Connection* 1,Local Area Connection* 2,VMware Network Adapter VMnet1,VMware Network Adapter VMnet8,Wi-Fi,Loopback Pseudo-Interface 1' may not be available
2025-07-24 19:33:56,321 - __main__ - INFO - Available interfaces: ['Ethernet', 'VMware Network Adapter VMnet1', 'VMware Network Adapter VMnet8', 'Wi-Fi', 'Bluetooth Network Connection', 'Loopback Pseudo-Interface 1']
2025-07-24 19:33:56,322 - __main__ - INFO - Environment validation completed
2025-07-24 19:33:56,322 - __main__ - INFO - Starting NIDS with configuration:
2025-07-24 19:33:56,322 - __main__ - INFO -   Network Interface: Ethernet,Local Area Connection* 1,Local Area Connection* 2,VMware Network Adapter VMnet1,VMware Network Adapter VMnet8,Wi-Fi,Loopback Pseudo-Interface 1
2025-07-24 19:33:56,323 - __main__ - INFO -   API Host: 0.0.0.0
2025-07-24 19:33:56,323 - __main__ - INFO -   API Port: 8000
2025-07-24 19:33:56,323 - __main__ - INFO -   ML Model: models/nids_model.joblib
2025-07-24 19:33:56,323 - __main__ - INFO -   Confidence Threshold: 0.8
2025-07-24 19:33:56,324 - __main__ - INFO - Starting NIDS application...
2025-07-24 19:33:58,471 - app.main - INFO - Starting NIDS application...
2025-07-24 19:33:58,494 - app.core.ml_detector - INFO - Loaded ML model from models/nids_model.joblib
2025-07-24 19:33:58,495 - app.core.packet_sniffer - ERROR - Error during packet sniffing: Sniffing and sending packets is not available at layer 2: winpcap is not installed. You may use conf.L3socket orconf.L3socket6 to access layer 3
2025-07-24 19:33:58,495 - app.core.packet_sniffer - INFO - Started packet sniffing on interface Ethernet,Local Area Connection* 1,Local Area Connection* 2,VMware Network Adapter VMnet1,VMware Network Adapter VMnet8,Wi-Fi,Loopback Pseudo-Interface 1
2025-07-24 19:33:58,495 - app.main - INFO - NIDS system initialized successfully
2025-07-24 20:14:42,761 - app.utils.config - INFO - Configuration validation passed
2025-07-24 20:14:42,768 - __main__ - WARNING - Network interface 'Ethernet,Local Area Connection* 1,Local Area Connection* 2,VMware Network Adapter VMnet1,VMware Network Adapter VMnet8,Wi-Fi,Loopback Pseudo-Interface 1' may not be available
2025-07-24 20:14:42,773 - __main__ - INFO - Available interfaces: ['Ethernet', 'VMware Network Adapter VMnet1', 'VMware Network Adapter VMnet8', 'Wi-Fi', 'Bluetooth Network Connection', 'Loopback Pseudo-Interface 1']
2025-07-24 20:14:42,773 - __main__ - INFO - Environment validation completed
2025-07-24 20:14:42,773 - __main__ - INFO - Starting NIDS with configuration:
2025-07-24 20:14:42,773 - __main__ - INFO -   Network Interface: Ethernet,Local Area Connection* 1,Local Area Connection* 2,VMware Network Adapter VMnet1,VMware Network Adapter VMnet8,Wi-Fi,Loopback Pseudo-Interface 1
2025-07-24 20:14:42,773 - __main__ - INFO -   API Host: 0.0.0.0
2025-07-24 20:14:42,773 - __main__ - INFO -   API Port: 8000
2025-07-24 20:14:42,774 - __main__ - INFO -   ML Model: models/nids_model.joblib
2025-07-24 20:14:42,774 - __main__ - INFO -   Confidence Threshold: 0.8
2025-07-24 20:14:42,774 - __main__ - INFO - Starting NIDS application...
2025-07-24 20:14:44,926 - app.main - INFO - Starting NIDS application...
2025-07-24 20:14:44,945 - app.core.ml_detector - INFO - Loaded ML model from models/nids_model.joblib
2025-07-24 20:14:44,946 - app.core.packet_sniffer - ERROR - Error during packet sniffing: Sniffing and sending packets is not available at layer 2: winpcap is not installed. You may use conf.L3socket orconf.L3socket6 to access layer 3
2025-07-24 20:14:44,946 - app.core.packet_sniffer - INFO - Started packet sniffing on interface Ethernet,Local Area Connection* 1,Local Area Connection* 2,VMware Network Adapter VMnet1,VMware Network Adapter VMnet8,Wi-Fi,Loopback Pseudo-Interface 1
2025-07-24 20:14:44,946 - app.main - INFO - NIDS system initialized successfully
2025-07-24 21:33:36,877 - app.utils.config - INFO - Configuration validation passed
2025-07-24 21:33:36,883 - __main__ - WARNING - Network interface 'Ethernet,Local Area Connection* 1,Local Area Connection* 2,VMware Network Adapter VMnet1,VMware Network Adapter VMnet8,Wi-Fi,Loopback Pseudo-Interface 1' may not be available
2025-07-24 21:33:36,888 - __main__ - INFO - Available interfaces: ['Ethernet', 'Local Area Connection* 1', 'Local Area Connection* 2', 'VMware Network Adapter VMnet1', 'VMware Network Adapter VMnet8', 'Wi-Fi', 'Loopback Pseudo-Interface 1']
2025-07-24 21:33:36,888 - __main__ - INFO - Environment validation completed
2025-07-24 21:33:36,888 - __main__ - INFO - Starting NIDS with configuration:
2025-07-24 21:33:36,888 - __main__ - INFO -   Network Interface: Ethernet,Local Area Connection* 1,Local Area Connection* 2,VMware Network Adapter VMnet1,VMware Network Adapter VMnet8,Wi-Fi,Loopback Pseudo-Interface 1
2025-07-24 21:33:36,889 - __main__ - INFO -   API Host: 0.0.0.0
2025-07-24 21:33:36,889 - __main__ - INFO -   API Port: 8000
2025-07-24 21:33:36,889 - __main__ - INFO -   ML Model: models/nids_model.joblib
2025-07-24 21:33:36,889 - __main__ - INFO -   Confidence Threshold: 0.8
2025-07-24 21:33:36,889 - __main__ - INFO - Starting NIDS application...
2025-07-24 21:33:38,726 - app.main - INFO - Starting NIDS application...
2025-07-24 21:33:38,741 - app.core.ml_detector - INFO - Loaded ML model from models/nids_model.joblib
2025-07-24 21:33:38,742 - app.core.packet_sniffer - ERROR - Error during packet sniffing: Sniffing and sending packets is not available at layer 2: winpcap is not installed. You may use conf.L3socket orconf.L3socket6 to access layer 3
2025-07-24 21:33:38,742 - app.core.packet_sniffer - INFO - Started packet sniffing on interface Ethernet,Local Area Connection* 1,Local Area Connection* 2,VMware Network Adapter VMnet1,VMware Network Adapter VMnet8,Wi-Fi,Loopback Pseudo-Interface 1
2025-07-24 21:33:38,743 - app.main - INFO - NIDS system initialized successfully
2025-07-24 21:54:51,073 - app.main - INFO - Shutting down NIDS application...
2025-07-24 21:54:51,074 - app.core.nids_orchestrator - WARNING - NIDS system is not running
2025-07-24 21:54:51,075 - app.main - INFO - NIDS system stopped successfully
2025-07-25 21:36:21,344 - app.utils.config - INFO - Configuration validation passed
2025-07-25 21:36:21,350 - __main__ - WARNING - Network interface 'Ethernet,Local Area Connection* 1,Local Area Connection* 2,VMware Network Adapter VMnet1,VMware Network Adapter VMnet8,Wi-Fi,Loopback Pseudo-Interface 1' may not be available
2025-07-25 21:36:21,356 - __main__ - INFO - Available interfaces: ['Ethernet', 'Local Area Connection* 1', 'Local Area Connection* 2', 'VMware Network Adapter VMnet1', 'VMware Network Adapter VMnet8', 'Wi-Fi', 'Loopback Pseudo-Interface 1']
2025-07-25 21:36:21,356 - __main__ - INFO - Environment validation completed
2025-07-25 21:36:21,356 - __main__ - INFO - Starting NIDS with configuration:
2025-07-25 21:36:21,357 - __main__ - INFO -   Network Interface: Ethernet,Local Area Connection* 1,Local Area Connection* 2,VMware Network Adapter VMnet1,VMware Network Adapter VMnet8,Wi-Fi,Loopback Pseudo-Interface 1
2025-07-25 21:36:21,357 - __main__ - INFO -   API Host: 0.0.0.0
2025-07-25 21:36:21,357 - __main__ - INFO -   API Port: 8000
2025-07-25 21:36:21,357 - __main__ - INFO -   ML Model: models/nids_model.joblib
2025-07-25 21:36:21,358 - __main__ - INFO -   Confidence Threshold: 0.8
2025-07-25 21:36:21,358 - __main__ - INFO - Starting NIDS application...
2025-07-25 21:36:23,144 - app.main - INFO - Starting NIDS application...
2025-07-25 21:36:23,162 - app.core.ml_detector - INFO - Loaded ML model from models/nids_model.joblib
2025-07-25 21:36:23,163 - app.core.packet_sniffer - ERROR - Error during packet sniffing: Sniffing and sending packets is not available at layer 2: winpcap is not installed. You may use conf.L3socket orconf.L3socket6 to access layer 3
2025-07-25 21:36:23,163 - app.core.packet_sniffer - INFO - Started packet sniffing on interface Ethernet,Local Area Connection* 1,Local Area Connection* 2,VMware Network Adapter VMnet1,VMware Network Adapter VMnet8,Wi-Fi,Loopback Pseudo-Interface 1
2025-07-25 21:36:23,163 - app.main - INFO - NIDS system initialized successfully
2025-08-06 20:04:44,266 - app.utils.config - INFO - Configuration validation passed
2025-08-06 20:04:44,279 - __main__ - INFO - Environment validation completed
2025-08-06 20:04:44,280 - __main__ - INFO - Starting NIDS with configuration:
2025-08-06 20:04:44,280 - __main__ - INFO -   Network Interface: Wi-Fi
2025-08-06 20:04:44,281 - __main__ - INFO -   API Host: 0.0.0.0
2025-08-06 20:04:44,283 - __main__ - INFO -   API Port: 8000
2025-08-06 20:04:44,283 - __main__ - INFO -   ML Model: models/nids_model.joblib
2025-08-06 20:04:44,284 - __main__ - INFO -   Confidence Threshold: 0.8
2025-08-06 20:04:44,285 - __main__ - INFO - Starting NIDS application...
2025-08-06 20:04:49,918 - app.main - INFO - Starting NIDS application...
2025-08-06 20:04:49,954 - app.core.ml_detector - INFO - Loaded ML model from models/nids_model.joblib
2025-08-06 20:04:49,958 - app.core.packet_sniffer - ERROR - Error during packet sniffing: Sniffing and sending packets is not available at layer 2: winpcap is not installed. You may use conf.L3socket orconf.L3socket6 to access layer 3
2025-08-06 20:04:49,958 - app.core.packet_sniffer - INFO - Started packet sniffing on interface Wi-Fi
2025-08-06 20:04:49,961 - app.main - INFO - NIDS system initialized successfully
2025-08-06 20:07:06,248 - app.core.nids_orchestrator - INFO - NIDS system started successfully
2025-08-06 20:07:27,757 - app.core.packet_sniffer - WARNING - Packet sniffer is not running
2025-08-06 20:07:27,761 - app.core.nids_orchestrator - INFO - NIDS system stopped successfully
2025-08-06 20:08:32,605 - app.main - INFO - Shutting down NIDS application...
2025-08-06 20:08:32,608 - app.core.nids_orchestrator - WARNING - NIDS system is not running
2025-08-06 20:08:32,608 - app.main - INFO - NIDS system stopped successfully
2025-08-08 22:46:17,835 - app.utils.config - INFO - Configuration validation passed
2025-08-08 22:46:17,845 - __main__ - INFO - Environment validation completed
2025-08-08 22:46:17,845 - __main__ - INFO - Starting NIDS with configuration:
2025-08-08 22:46:17,846 - __main__ - INFO -   Network Interface: Wi-Fi
2025-08-08 22:46:17,846 - __main__ - INFO -   API Host: 0.0.0.0
2025-08-08 22:46:17,846 - __main__ - INFO -   API Port: 8000
2025-08-08 22:46:17,846 - __main__ - INFO -   ML Model: models/nids_model.joblib
2025-08-08 22:46:17,846 - __main__ - INFO -   Confidence Threshold: 0.8
2025-08-08 22:46:17,847 - __main__ - INFO - Starting NIDS application...
2025-08-08 22:46:20,139 - app.main - INFO - Starting NIDS application...
2025-08-08 22:46:20,156 - app.core.ml_detector - INFO - Loaded ML model from models/nids_model.joblib
2025-08-08 22:46:20,157 - app.core.packet_sniffer - INFO - Started packet sniffing on interface Wi-Fi
2025-08-08 22:46:20,158 - app.main - INFO - NIDS system initialized successfully
2025-08-08 22:48:06,663 - app.utils.config - INFO - Configuration validation passed
2025-08-08 22:48:06,669 - __main__ - INFO - Environment validation completed
2025-08-08 22:48:06,669 - __main__ - INFO - Starting NIDS with configuration:
2025-08-08 22:48:06,669 - __main__ - INFO -   Network Interface: Wi-Fi
2025-08-08 22:48:06,670 - __main__ - INFO -   API Host: 0.0.0.0
2025-08-08 22:48:06,670 - __main__ - INFO -   API Port: 8000
2025-08-08 22:48:06,670 - __main__ - INFO -   ML Model: models/nids_model.joblib
2025-08-08 22:48:06,670 - __main__ - INFO -   Confidence Threshold: 0.8
2025-08-08 22:48:06,670 - __main__ - INFO - Starting NIDS application...
2025-08-08 22:48:08,998 - app.main - INFO - Starting NIDS application...
2025-08-08 22:48:09,009 - app.core.ml_detector - INFO - Loaded ML model from models/nids_model.joblib
2025-08-08 22:48:09,011 - app.core.packet_sniffer - INFO - Started packet sniffing on interface Wi-Fi
2025-08-08 22:48:09,011 - app.main - INFO - NIDS system initialized successfully
2025-08-08 23:01:46,745 - app.main - INFO - Shutting down NIDS application...
2025-08-08 23:01:46,748 - app.core.nids_orchestrator - WARNING - NIDS system is not running
2025-08-08 23:01:46,749 - app.main - INFO - NIDS system stopped successfully
2025-09-07 20:53:17,491 - app.utils.config - INFO - Configuration validation passed
2025-09-07 20:53:17,498 - __main__ - INFO - Environment validation completed
2025-09-07 20:53:17,498 - __main__ - INFO - Starting NIDS with configuration:
2025-09-07 20:53:17,499 - __main__ - INFO -   Network Interface: Wi-Fi
2025-09-07 20:53:17,499 - __main__ - INFO -   API Host: 0.0.0.0
2025-09-07 20:53:17,499 - __main__ - INFO -   API Port: 8000
2025-09-07 20:53:17,499 - __main__ - INFO -   ML Model: models/nids_model.joblib
2025-09-07 20:53:17,499 - __main__ - INFO -   Confidence Threshold: 0.8
2025-09-07 20:53:17,499 - __main__ - INFO - Starting NIDS application...
2025-09-07 20:53:19,569 - app.main - INFO - Starting NIDS application...
2025-09-07 20:53:19,583 - app.core.ml_detector - INFO - Loaded ML model from models/nids_model.joblib
2025-09-07 20:53:19,584 - app.core.packet_sniffer - INFO - Started packet sniffing on interface Wi-Fi
2025-09-07 20:53:19,584 - app.main - INFO - NIDS system initialized successfully
2025-09-07 21:18:59,381 - app.utils.config - INFO - Configuration validation passed
2025-09-07 21:18:59,388 - __main__ - INFO - Environment validation completed
2025-09-07 21:18:59,388 - __main__ - INFO - Starting NIDS with configuration:
2025-09-07 21:18:59,388 - __main__ - INFO -   Network Interface: Wi-Fi
2025-09-07 21:18:59,388 - __main__ - INFO -   API Host: 0.0.0.0
2025-09-07 21:18:59,388 - __main__ - INFO -   API Port: 8000
2025-09-07 21:18:59,388 - __main__ - INFO -   ML Model: models/nids_model.joblib
2025-09-07 21:18:59,388 - __main__ - INFO -   Confidence Threshold: 0.8
2025-09-07 21:18:59,389 - __main__ - INFO - Starting NIDS application...
2025-09-07 21:19:01,613 - app.main - INFO - Starting NIDS application...
2025-09-07 21:19:01,632 - app.core.ml_detector - INFO - Loaded ML model from models/nids_model.joblib
2025-09-07 21:19:01,633 - app.core.packet_sniffer - INFO - Started packet sniffing on interface Wi-Fi
2025-09-07 21:19:01,634 - app.main - INFO - NIDS system initialized successfully
2025-09-07 21:40:08,288 - app.main - INFO - Shutting down NIDS application...
2025-09-07 21:40:08,295 - app.core.nids_orchestrator - WARNING - NIDS system is not running
2025-09-07 21:40:08,296 - app.main - INFO - NIDS system stopped successfully
2025-09-07 21:40:12,912 - app.main - INFO - Starting NIDS application...
2025-09-07 21:40:12,925 - app.core.ml_detector - INFO - Loaded ML model from models/nids_model.joblib
2025-09-07 21:40:12,927 - app.core.packet_sniffer - INFO - Started packet sniffing on interface Wi-Fi
2025-09-07 21:40:12,927 - app.main - INFO - NIDS system initialized successfully
2025-09-07 21:41:07,346 - app.main - INFO - Shutting down NIDS application...
2025-09-07 21:41:07,348 - app.core.nids_orchestrator - WARNING - NIDS system is not running
2025-09-07 21:41:07,349 - app.main - INFO - NIDS system stopped successfully
2025-09-07 21:41:11,315 - app.main - INFO - Starting NIDS application...
2025-09-07 21:41:11,329 - app.core.ml_detector - INFO - Loaded ML model from models/nids_model.joblib
2025-09-07 21:41:11,332 - app.core.packet_sniffer - INFO - Started packet sniffing on interface Wi-Fi
2025-09-07 21:41:11,333 - app.main - INFO - NIDS system initialized successfully
2025-09-07 21:42:08,263 - app.main - INFO - Shutting down NIDS application...
2025-09-07 21:42:08,263 - app.core.nids_orchestrator - WARNING - NIDS system is not running
2025-09-07 21:42:08,263 - app.main - INFO - NIDS system stopped successfully
2025-09-07 21:42:11,770 - app.main - INFO - Starting NIDS application...
2025-09-07 21:42:11,786 - app.core.ml_detector - INFO - Loaded ML model from models/nids_model.joblib
2025-09-07 21:42:11,791 - app.core.packet_sniffer - INFO - Started packet sniffing on interface Wi-Fi
2025-09-07 21:42:11,792 - app.main - INFO - NIDS system initialized successfully
2025-09-07 21:43:07,366 - app.main - INFO - Shutting down NIDS application...
2025-09-07 21:43:07,367 - app.core.nids_orchestrator - WARNING - NIDS system is not running
2025-09-07 21:43:07,367 - app.main - INFO - NIDS system stopped successfully
2025-09-07 21:43:10,959 - app.main - INFO - Starting NIDS application...
2025-09-07 21:43:10,974 - app.core.ml_detector - INFO - Loaded ML model from models/nids_model.joblib
2025-09-07 21:43:10,975 - app.core.packet_sniffer - INFO - Started packet sniffing on interface Wi-Fi
2025-09-07 21:43:10,975 - app.main - INFO - NIDS system initialized successfully
2025-09-07 21:45:07,309 - app.main - INFO - Shutting down NIDS application...
2025-09-07 21:45:07,309 - app.core.nids_orchestrator - WARNING - NIDS system is not running
2025-09-07 21:45:07,309 - app.main - INFO - NIDS system stopped successfully
2025-09-07 21:45:11,710 - app.main - INFO - Starting NIDS application...
2025-09-07 21:45:11,737 - app.core.ml_detector - INFO - Loaded ML model from models/nids_model.joblib
2025-09-07 21:45:11,739 - app.core.packet_sniffer - INFO - Started packet sniffing on interface Wi-Fi
2025-09-07 21:45:11,739 - app.main - INFO - NIDS system initialized successfully
2025-09-07 21:46:07,348 - app.main - INFO - Shutting down NIDS application...
2025-09-07 21:46:07,349 - app.core.nids_orchestrator - WARNING - NIDS system is not running
2025-09-07 21:46:07,349 - app.main - INFO - NIDS system stopped successfully
2025-09-07 21:46:10,847 - app.main - INFO - Starting NIDS application...
2025-09-07 21:46:10,858 - app.core.ml_detector - INFO - Loaded ML model from models/nids_model.joblib
2025-09-07 21:46:10,859 - app.core.packet_sniffer - INFO - Started packet sniffing on interface Wi-Fi
2025-09-07 21:46:10,859 - app.main - INFO - NIDS system initialized successfully
2025-09-07 21:47:07,318 - app.main - INFO - Shutting down NIDS application...
2025-09-07 21:47:07,318 - app.core.nids_orchestrator - WARNING - NIDS system is not running
2025-09-07 21:47:07,318 - app.main - INFO - NIDS system stopped successfully
2025-09-07 21:47:14,550 - app.main - INFO - Starting NIDS application...
2025-09-07 21:47:14,570 - app.core.ml_detector - INFO - Loaded ML model from models/nids_model.joblib
2025-09-07 21:47:14,572 - app.core.packet_sniffer - INFO - Started packet sniffing on interface Wi-Fi
2025-09-07 21:47:14,573 - app.main - INFO - NIDS system initialized successfully
2025-09-07 21:48:07,409 - app.main - INFO - Shutting down NIDS application...
2025-09-07 21:48:07,410 - app.core.nids_orchestrator - WARNING - NIDS system is not running
2025-09-07 21:48:07,411 - app.main - INFO - NIDS system stopped successfully
2025-09-07 21:48:10,931 - app.main - INFO - Starting NIDS application...
2025-09-07 21:48:10,964 - app.core.ml_detector - INFO - Loaded ML model from models/nids_model.joblib
2025-09-07 21:48:10,966 - app.core.packet_sniffer - INFO - Started packet sniffing on interface Wi-Fi
2025-09-07 21:48:10,966 - app.main - INFO - NIDS system initialized successfully
2025-09-07 21:49:12,291 - app.main - INFO - Shutting down NIDS application...
2025-09-07 21:49:12,291 - app.core.nids_orchestrator - WARNING - NIDS system is not running
2025-09-07 21:49:12,291 - app.main - INFO - NIDS system stopped successfully
2025-09-07 21:49:15,084 - app.main - INFO - Starting NIDS application...
2025-09-07 21:49:15,094 - app.core.ml_detector - INFO - Loaded ML model from models/nids_model.joblib
2025-09-07 21:49:15,096 - app.core.packet_sniffer - INFO - Started packet sniffing on interface Wi-Fi
2025-09-07 21:49:15,096 - app.main - INFO - NIDS system initialized successfully
2025-09-07 22:28:17,744 - app.main - INFO - Shutting down NIDS application...
2025-09-07 22:28:17,759 - app.core.nids_orchestrator - WARNING - NIDS system is not running
2025-09-07 22:28:17,760 - app.main - INFO - NIDS system stopped successfully
2025-09-07 22:28:23,539 - app.main - INFO - Starting NIDS application...
2025-09-07 22:28:23,556 - app.core.ml_detector - INFO - Loaded ML model from models/nids_model.joblib
2025-09-07 22:28:23,558 - app.core.packet_sniffer - INFO - Started packet sniffing on interface Wi-Fi
2025-09-07 22:28:23,558 - app.main - INFO - NIDS system initialized successfully
2025-09-07 22:33:19,415 - app.main - INFO - Shutting down NIDS application...
2025-09-07 22:33:19,415 - app.core.nids_orchestrator - WARNING - NIDS system is not running
2025-09-07 22:33:19,416 - app.main - INFO - NIDS system stopped successfully
2025-09-07 22:33:24,127 - app.main - INFO - Starting NIDS application...
2025-09-07 22:33:24,147 - app.core.ml_detector - INFO - Loaded ML model from models/nids_model.joblib
2025-09-07 22:33:24,148 - app.core.packet_sniffer - INFO - Started packet sniffing on interface Wi-Fi
2025-09-07 22:33:24,148 - app.main - INFO - NIDS system initialized successfully
2025-09-07 22:34:06,770 - app.main - INFO - Shutting down NIDS application...
2025-09-07 22:34:06,770 - app.core.nids_orchestrator - WARNING - NIDS system is not running
2025-09-07 22:34:06,771 - app.main - INFO - NIDS system stopped successfully
2025-09-07 22:34:09,942 - app.main - INFO - Starting NIDS application...
2025-09-07 22:34:09,957 - app.core.ml_detector - INFO - Loaded ML model from models/nids_model.joblib
2025-09-07 22:34:09,958 - app.core.packet_sniffer - INFO - Started packet sniffing on interface Wi-Fi
2025-09-07 22:34:09,959 - app.main - INFO - NIDS system initialized successfully
2025-09-07 22:47:47,353 - app.main - INFO - Starting NIDS application...
2025-09-07 22:47:47,365 - app.core.ml_detector - INFO - Loaded ML model from models/nids_model.joblib
2025-09-07 22:47:47,366 - app.core.packet_sniffer - INFO - Started packet sniffing on interface Wi-Fi
2025-09-07 22:47:47,366 - app.main - INFO - NIDS system initialized successfully
2025-09-07 22:51:14,913 - app.core.nids_orchestrator - INFO - NIDS system started successfully
2025-09-07 22:51:20,673 - app.core.nids_orchestrator - WARNING - NIDS system is already running
2025-09-07 22:51:20,678 - app.api.routes - ERROR - Error starting sniffer: 
2025-09-07 22:51:24,698 - app.core.nids_orchestrator - WARNING - NIDS system is already running
2025-09-07 22:51:24,699 - app.api.routes - ERROR - Error starting sniffer: 
2025-09-07 22:51:31,633 - app.core.nids_orchestrator - WARNING - NIDS system is already running
2025-09-07 22:51:31,634 - app.api.routes - ERROR - Error starting sniffer: 
2025-09-07 22:52:52,010 - app.main - INFO - Shutting down NIDS application...
2025-09-07 22:52:52,016 - app.core.packet_sniffer - INFO - Stopped packet sniffing
2025-09-07 22:52:52,016 - app.core.nids_orchestrator - INFO - NIDS system stopped successfully
2025-09-07 22:52:52,017 - app.main - INFO - NIDS system stopped successfully
2025-09-07 22:52:57,798 - app.main - INFO - Starting NIDS application...
2025-09-07 22:52:57,812 - app.core.ml_detector - INFO - Loaded ML model from models/nids_model.joblib
2025-09-07 22:52:57,813 - app.core.packet_sniffer - INFO - Started packet sniffing on interface Wi-Fi
2025-09-07 22:52:57,814 - app.main - INFO - NIDS system initialized successfully
2025-09-07 22:53:50,019 - app.utils.config - INFO - Configuration validation passed
2025-09-07 22:53:50,029 - __main__ - INFO - Environment validation completed
2025-09-07 22:53:50,029 - __main__ - INFO - Starting NIDS with configuration:
2025-09-07 22:53:50,030 - __main__ - INFO -   Network Interface: Wi-Fi
2025-09-07 22:53:50,030 - __main__ - INFO -   API Host: 0.0.0.0
2025-09-07 22:53:50,030 - __main__ - INFO -   API Port: 8000
2025-09-07 22:53:50,030 - __main__ - INFO -   ML Model: models/nids_model.joblib
2025-09-07 22:53:50,030 - __main__ - INFO -   Confidence Threshold: 0.8
2025-09-07 22:53:50,030 - __main__ - INFO - Starting NIDS application...
2025-09-07 22:53:53,150 - app.main - INFO - Starting NIDS application...
2025-09-07 22:53:53,163 - app.core.ml_detector - INFO - Loaded ML model from models/nids_model.joblib
2025-09-07 22:53:53,165 - app.core.packet_sniffer - INFO - Started packet sniffing on interface Wi-Fi
2025-09-07 22:53:53,165 - app.main - INFO - NIDS system initialized successfully
2025-09-08 00:03:30,350 - app.utils.config - INFO - Configuration validation passed
2025-09-08 00:03:30,358 - __main__ - INFO - Environment validation completed
2025-09-08 00:03:30,359 - __main__ - INFO - Starting NIDS with configuration:
2025-09-08 00:03:30,359 - __main__ - INFO -   Network Interface: Wi-Fi
2025-09-08 00:03:30,360 - __main__ - INFO -   API Host: 0.0.0.0
2025-09-08 00:03:30,360 - __main__ - INFO -   API Port: 8000
2025-09-08 00:03:30,361 - __main__ - INFO -   ML Model: models/nids_model.joblib
2025-09-08 00:03:30,361 - __main__ - INFO -   Confidence Threshold: 0.8
2025-09-08 00:03:30,361 - __main__ - INFO - Starting NIDS application...
2025-09-08 00:03:33,018 - app.main - INFO - Starting NIDS application...
2025-09-08 00:03:33,031 - app.core.ml_detector - INFO - Loaded ML model from models/nids_model.joblib
2025-09-08 00:03:33,033 - app.core.packet_sniffer - INFO - Started packet sniffing on interface Wi-Fi
2025-09-08 00:03:33,033 - app.main - INFO - NIDS system initialized successfully
2025-09-08 00:03:53,017 - fastapi - WARNING - email-validator not installed, email fields will be treated as str.
To install, run: pip install email-validator
2025-09-08 00:23:06,504 - app.utils.config - INFO - Configuration validation passed
2025-09-08 00:23:06,514 - __main__ - INFO - Environment validation completed
2025-09-08 00:23:06,515 - __main__ - INFO - Starting NIDS with configuration:
2025-09-08 00:23:06,515 - __main__ - INFO -   Network Interface: Wi-Fi
2025-09-08 00:23:06,516 - __main__ - INFO -   API Host: 0.0.0.0
2025-09-08 00:23:06,516 - __main__ - INFO -   API Port: 8000
2025-09-08 00:23:06,516 - __main__ - INFO -   ML Model: models/nids_model.joblib
2025-09-08 00:23:06,516 - __main__ - INFO -   Confidence Threshold: 0.8
2025-09-08 00:23:06,517 - __main__ - INFO - Starting NIDS application...
2025-09-08 00:23:09,434 - app.main - INFO - Starting NIDS application...
2025-09-08 00:23:09,449 - app.core.ml_detector - INFO - Loaded ML model from models/nids_model.joblib
2025-09-08 00:23:09,450 - app.core.packet_sniffer - INFO - Started packet sniffing on interface Wi-Fi
2025-09-08 00:23:09,451 - app.main - INFO - NIDS system initialized successfully
2025-09-08 00:27:53,289 - app.main - INFO - Shutting down NIDS application...
2025-09-08 00:27:53,295 - app.core.nids_orchestrator - WARNING - NIDS system is not running
2025-09-08 00:27:53,296 - app.main - INFO - NIDS system stopped successfully
2025-09-08 00:28:06,905 - app.main - INFO - Starting NIDS application...
2025-09-08 00:28:06,950 - app.core.ml_detector - INFO - Loaded ML model from models/nids_model.joblib
2025-09-08 00:28:06,955 - app.core.packet_sniffer - INFO - Started packet sniffing on interface Wi-Fi
2025-09-08 00:28:06,955 - app.main - INFO - NIDS system initialized successfully
2025-09-08 07:31:14,701 - app.utils.config - INFO - Configuration validation passed
2025-09-08 07:31:14,708 - __main__ - INFO - Environment validation completed
2025-09-08 07:31:14,708 - __main__ - INFO - Starting NIDS with configuration:
2025-09-08 07:31:14,708 - __main__ - INFO -   Network Interface: Wi-Fi
2025-09-08 07:31:14,708 - __main__ - INFO -   API Host: 0.0.0.0
2025-09-08 07:31:14,710 - __main__ - INFO -   API Port: 8000
2025-09-08 07:31:14,710 - __main__ - INFO -   ML Model: models/nids_model.joblib
2025-09-08 07:31:14,710 - __main__ - INFO -   Confidence Threshold: 0.8
2025-09-08 07:31:14,711 - __main__ - INFO - Starting NIDS application...
2025-09-08 07:31:16,861 - app.main - INFO - Starting NIDS application...
2025-09-08 07:31:16,871 - app.core.ml_detector - INFO - Loaded ML model from models/nids_model.joblib
2025-09-08 07:31:16,872 - app.core.packet_sniffer - INFO - Started packet sniffing on interface Wi-Fi
2025-09-08 07:31:16,872 - app.main - INFO - NIDS system initialized successfully
2025-09-08 07:31:32,226 - fastapi - WARNING - email-validator not installed, email fields will be treated as str.
To install, run: pip install email-validator
2025-09-08 07:33:33,171 - app.main - INFO - Shutting down NIDS application...
2025-09-08 07:33:33,172 - app.core.nids_orchestrator - WARNING - NIDS system is not running
2025-09-08 07:33:33,172 - app.main - INFO - NIDS system stopped successfully
2025-09-08 07:33:45,599 - app.utils.config - INFO - Configuration validation passed
2025-09-08 07:33:45,605 - __main__ - INFO - Environment validation completed
2025-09-08 07:33:45,605 - __main__ - INFO - Starting NIDS with configuration:
2025-09-08 07:33:45,605 - __main__ - INFO -   Network Interface: Wi-Fi
2025-09-08 07:33:45,606 - __main__ - INFO -   API Host: 0.0.0.0
2025-09-08 07:33:45,606 - __main__ - INFO -   API Port: 8000
2025-09-08 07:33:45,606 - __main__ - INFO -   ML Model: models/nids_model.joblib
2025-09-08 07:33:45,606 - __main__ - INFO -   Confidence Threshold: 0.8
2025-09-08 07:33:45,606 - __main__ - INFO - Starting NIDS application...
2025-09-08 07:33:47,910 - app.main - INFO - Starting NIDS application...
2025-09-08 07:33:47,921 - app.core.ml_detector - INFO - Loaded ML model from models/nids_model.joblib
2025-09-08 07:33:47,923 - app.core.packet_sniffer - INFO - Started packet sniffing on interface Wi-Fi
2025-09-08 07:33:47,923 - app.main - INFO - NIDS system initialized successfully
2025-09-08 07:38:43,282 - app.main - INFO - Shutting down NIDS application...
2025-09-08 07:38:43,288 - app.core.nids_orchestrator - WARNING - NIDS system is not running
2025-09-08 07:38:43,289 - app.main - INFO - NIDS system stopped successfully
2025-09-08 07:38:49,574 - app.main - INFO - Starting NIDS application...
2025-09-08 07:38:49,589 - app.core.ml_detector - INFO - Loaded ML model from models/nids_model.joblib
2025-09-08 07:38:49,592 - app.core.packet_sniffer - INFO - Started packet sniffing on interface Wi-Fi
2025-09-08 07:38:49,592 - app.main - INFO - NIDS system initialized successfully
2025-09-08 07:40:15,303 - app.main - INFO - Shutting down NIDS application...
2025-09-08 07:40:15,304 - app.core.nids_orchestrator - WARNING - NIDS system is not running
2025-09-08 07:40:15,304 - app.main - INFO - NIDS system stopped successfully
2025-09-08 07:40:18,401 - app.main - INFO - Starting NIDS application...
2025-09-08 07:40:18,414 - app.core.ml_detector - INFO - Loaded ML model from models/nids_model.joblib
2025-09-08 07:40:18,415 - app.core.packet_sniffer - INFO - Started packet sniffing on interface Wi-Fi
2025-09-08 07:40:18,416 - app.main - INFO - NIDS system initialized successfully
2025-09-08 07:43:43,304 - app.main - INFO - Shutting down NIDS application...
2025-09-08 07:43:43,304 - app.core.nids_orchestrator - WARNING - NIDS system is not running
2025-09-08 07:43:43,304 - app.main - INFO - NIDS system stopped successfully
2025-09-08 07:43:45,641 - app.main - INFO - Starting NIDS application...
2025-09-08 07:43:45,651 - app.core.ml_detector - INFO - Loaded ML model from models/nids_model.joblib
2025-09-08 07:43:45,653 - app.core.packet_sniffer - INFO - Started packet sniffing on interface Wi-Fi
2025-09-08 07:43:45,653 - app.main - INFO - NIDS system initialized successfully
2025-09-08 07:45:15,241 - app.main - INFO - Shutting down NIDS application...
2025-09-08 07:45:15,241 - app.core.nids_orchestrator - WARNING - NIDS system is not running
2025-09-08 07:45:15,242 - app.main - INFO - NIDS system stopped successfully
2025-09-08 07:45:27,771 - app.main - INFO - Starting NIDS application...
2025-09-08 07:45:27,782 - app.core.ml_detector - INFO - Loaded ML model from models/nids_model.joblib
2025-09-08 07:45:27,783 - app.core.packet_sniffer - INFO - Started packet sniffing on interface Wi-Fi
2025-09-08 07:45:27,783 - app.main - INFO - NIDS system initialized successfully
2025-09-08 07:47:01,876 - app.main - INFO - Shutting down NIDS application...
2025-09-08 07:47:01,876 - app.core.nids_orchestrator - WARNING - NIDS system is not running
2025-09-08 07:47:01,876 - app.main - INFO - NIDS system stopped successfully
2025-09-08 07:47:04,710 - app.main - INFO - Starting NIDS application...
2025-09-08 07:47:04,720 - app.core.ml_detector - INFO - Loaded ML model from models/nids_model.joblib
2025-09-08 07:47:04,721 - app.core.packet_sniffer - INFO - Started packet sniffing on interface Wi-Fi
2025-09-08 07:47:04,722 - app.main - INFO - NIDS system initialized successfully
2025-09-08 07:48:42,015 - app.core.nids_orchestrator - INFO - NIDS system started successfully
2025-09-08 07:48:47,667 - app.core.packet_sniffer - WARNING - Packet sniffer is not running
2025-09-08 07:48:47,668 - app.core.packet_sniffer - INFO - Started packet sniffing on interface eth0
2025-09-08 07:48:47,669 - app.core.packet_sniffer - ERROR - Error during packet sniffing: Error opening adapter: The filename, directory name, or volume label syntax is incorrect.  (123)
2025-09-08 07:48:47,669 - app.core.nids_orchestrator - INFO - Sniffer configuration updated successfully
2025-09-08 07:48:47,669 - app.core.nids_orchestrator - WARNING - NIDS system is already running
2025-09-08 07:48:47,669 - app.api.routes - ERROR - Error starting sniffer: 
2025-09-08 07:48:48,519 - app.core.packet_sniffer - WARNING - Packet sniffer is not running
2025-09-08 07:48:48,520 - app.core.packet_sniffer - INFO - Started packet sniffing on interface eth0
2025-09-08 07:48:48,520 - app.core.packet_sniffer - ERROR - Error during packet sniffing: Error opening adapter: The filename, directory name, or volume label syntax is incorrect.  (123)
2025-09-08 07:48:48,520 - app.core.nids_orchestrator - INFO - Sniffer configuration updated successfully
2025-09-08 07:48:48,520 - app.core.nids_orchestrator - WARNING - NIDS system is already running
2025-09-08 07:48:48,520 - app.api.routes - ERROR - Error starting sniffer: 
2025-09-08 07:49:15,755 - app.core.packet_sniffer - WARNING - Packet sniffer is not running
2025-09-08 07:49:15,756 - app.core.packet_sniffer - INFO - Started packet sniffing on interface eth0
2025-09-08 07:49:15,756 - app.core.packet_sniffer - ERROR - Error during packet sniffing: Error opening adapter: The filename, directory name, or volume label syntax is incorrect.  (123)
2025-09-08 07:49:15,757 - app.core.nids_orchestrator - INFO - Sniffer configuration updated successfully
2025-09-08 07:49:15,757 - app.core.nids_orchestrator - WARNING - NIDS system is already running
2025-09-08 07:49:15,757 - app.api.routes - ERROR - Error starting sniffer: 
2025-09-08 07:50:30,230 - app.main - INFO - Shutting down NIDS application...
2025-09-08 07:50:30,230 - app.core.packet_sniffer - WARNING - Packet sniffer is not running
2025-09-08 07:50:30,230 - app.core.nids_orchestrator - INFO - NIDS system stopped successfully
2025-09-08 07:50:30,230 - app.main - INFO - NIDS system stopped successfully
2025-09-08 07:52:25,866 - app.utils.config - INFO - Configuration validation passed
2025-09-08 07:52:25,871 - __main__ - INFO - Environment validation completed
2025-09-08 07:52:25,872 - __main__ - INFO - Starting NIDS with configuration:
2025-09-08 07:52:25,872 - __main__ - INFO -   Network Interface: Wi-Fi
2025-09-08 07:52:25,873 - __main__ - INFO -   API Host: 0.0.0.0
2025-09-08 07:52:25,873 - __main__ - INFO -   API Port: 8000
2025-09-08 07:52:25,873 - __main__ - INFO -   ML Model: models/nids_model.joblib
2025-09-08 07:52:25,873 - __main__ - INFO -   Confidence Threshold: 0.8
2025-09-08 07:52:25,874 - __main__ - INFO - Starting NIDS application...
2025-09-08 07:52:27,987 - app.main - INFO - Starting NIDS application...
2025-09-08 07:52:27,997 - app.core.ml_detector - INFO - Loaded ML model from models/nids_model.joblib
2025-09-08 07:52:27,999 - app.core.packet_sniffer - INFO - Started packet sniffing on interface Wi-Fi
2025-09-08 07:52:27,999 - app.main - INFO - NIDS system initialized successfully
2025-09-08 07:59:31,702 - app.main - INFO - Starting NIDS application...
2025-09-08 07:59:31,718 - app.core.ml_detector - INFO - Loaded ML model from models/nids_model.joblib
2025-09-08 07:59:31,719 - app.core.packet_sniffer - INFO - Started packet sniffing on interface Wi-Fi
2025-09-08 07:59:31,719 - app.main - INFO - NIDS system initialized successfully
2025-09-08 08:01:34,621 - app.core.nids_orchestrator - INFO - NIDS system started successfully
2025-09-08 08:01:55,843 - app.core.packet_sniffer - WARNING - Packet sniffer is not running
2025-09-08 08:01:55,844 - app.core.nids_orchestrator - INFO - NIDS system stopped successfully
